# JRE version: OpenJDK Runtime Environment GraalVM CE 22.3.0 (17.0.5+8) (build 17.0.5+8-jvmci-22.3-b08)
# Java VM: OpenJDK 64-Bit Server VM GraalVM CE 22.3.0 (17.0.5+8-jvmci-22.3-b08, mixed mode, sharing, tiered, jvmci, jvmci compiler, compressed oops, compressed class ptrs, parallel gc, linux-amd64)
GC Precious Log:
 CPUs: 8 total, 1 available
 Memory: 1024M
 Large Page Support: Disabled
 NUMA Support: Disabled
 Compressed Oops: Enabled (32-bit)
 Alignments: Space 512K, Generation 512K, Heap 2M
 Heap Min Capacity: 100M
 Heap Initial Capacity: 100M
 Heap Max Capacity: 512M
 Pre-touch: Disabled
 Parallel Workers: 1
Heap:
 PSYoungGen      total 65536K, used 28672K [0x00000000f5580000, 0x00000000fba80000, 0x0000000100000000)
  eden space 28672K, 100% used [0x00000000f5580000,0x00000000f7180000,0x00000000f7180000)
  from space 36864K, 0% used [0x00000000f7180000,0x00000000f7180000,0x00000000f9580000)
  to   space 18432K, 0% used [0x00000000f9580000,0x00000000f9580000,0x00000000fa780000)
 ParOldGen       total 349696K, used 349696K [0x00000000e0000000, 0x00000000f5580000, 0x00000000f5580000)
  object space 349696K, 100% used [0x00000000e0000000,0x00000000f5580000,0x00000000f5580000)
 Metaspace       used 59040K, committed 60224K, reserved 1105920K
  class space    used 5876K, committed 6336K, reserved 1048576K
GC Heap History (20 events):
Event: 587.390 GC heap before
{Heap before GC invocations=530 (full 424):
 PSYoungGen      total 65536K, used 28672K [0x00000000f5580000, 0x00000000fba80000, 0x0000000100000000)
  eden space 28672K, 100% used [0x00000000f5580000,0x00000000f7180000,0x00000000f7180000)
  from space 36864K, 0% used [0x00000000f7180000,0x00000000f7180000,0x00000000f9580000)
  to   space 18432K, 0% used [0x00000000f9580000,0x00000000f9580000,0x00000000fa780000)
 ParOldGen       total 349696K, used 349691K [0x00000000e0000000, 0x00000000f5580000, 0x00000000f5580000)
  object space 349696K, 99% used [0x00000000e0000000,0x00000000f557ee70,0x00000000f5580000)
 Metaspace       used 59040K, committed 60224K, reserved 1105920K
  class space    used 5876K, committed 6336K, reserved 1048576K
}
Event: 588.585 GC heap after
{Heap after GC invocations=530 (full 424):
 PSYoungGen      total 47104K, used 28672K [0x00000000f5580000, 0x00000000fba80000, 0x0000000100000000)
  eden space 28672K, 100% used [0x00000000f5580000,0x00000000f7180000,0x00000000f7180000)
  from space 18432K, 0% used [0x00000000f9580000,0x00000000f9580000,0x00000000fa780000)
  to   space 36864K, 0% used [0x00000000f7180000,0x00000000f7180000,0x00000000f9580000)
 ParOldGen       total 349696K, used 349691K [0x00000000e0000000, 0x00000000f5580000, 0x00000000f5580000)
  object space 349696K, 99% used [0x00000000e0000000,0x00000000f557ee50,0x00000000f5580000)
 Metaspace       used 59040K, committed 60224K, reserved 1105920K
  class space    used 5876K, committed 6336K, reserved 1048576K
}
Event: 588.585 GC heap before
{Heap before GC invocations=531 (full 425):
 PSYoungGen      total 47104K, used 28672K [0x00000000f5580000, 0x00000000fba80000, 0x0000000100000000)
  eden space 28672K, 100% used [0x00000000f5580000,0x00000000f7180000,0x00000000f7180000)
  from space 18432K, 0% used [0x00000000f9580000,0x00000000f9580000,0x00000000fa780000)
  to   space 36864K, 0% used [0x00000000f7180000,0x00000000f7180000,0x00000000f9580000)
 ParOldGen       total 349696K, used 349695K [0x00000000e0000000, 0x00000000f5580000, 0x00000000f5580000)
  object space 349696K, 99% used [0x00000000e0000000,0x00000000f557fd70,0x00000000f5580000)
 Metaspace       used 59040K, committed 60224K, reserved 1105920K
  class space    used 5876K, committed 6336K, reserved 1048576K
}
Event: 589.672 GC heap after
{Heap after GC invocations=531 (full 425):
 PSYoungGen      total 65536K, used 28672K [0x00000000f5580000, 0x00000000fba80000, 0x0000000100000000)
  eden space 28672K, 100% used [0x00000000f5580000,0x00000000f7180000,0x00000000f7180000)
  from space 36864K, 0% used [0x00000000f7180000,0x00000000f7180000,0x00000000f9580000)
  to   space 18432K, 0% used [0x00000000f9580000,0x00000000f9580000,0x00000000fa780000)
 ParOldGen       total 349696K, used 349694K [0x00000000e0000000, 0x00000000f5580000, 0x00000000f5580000)
  object space 349696K, 99% used [0x00000000e0000000,0x00000000f557fbb8,0x00000000f5580000)
 Metaspace       used 59040K, committed 60224K, reserved 1105920K
  class space    used 5876K, committed 6336K, reserved 1048576K
}
Event: 589.672 GC heap before
{Heap before GC invocations=532 (full 426):
 PSYoungGen      total 65536K, used 28672K [0x00000000f5580000, 0x00000000fba80000, 0x0000000100000000)
  eden space 28672K, 100% used [0x00000000f5580000,0x00000000f7180000,0x00000000f7180000)
  from space 36864K, 0% used [0x00000000f7180000,0x00000000f7180000,0x00000000f9580000)
  to   space 18432K, 0% used [0x00000000f9580000,0x00000000f9580000,0x00000000fa780000)
 ParOldGen       total 349696K, used 349696K [0x00000000e0000000, 0x00000000f5580000, 0x00000000f5580000)
  object space 349696K, 100% used [0x00000000e0000000,0x00000000f5580000,0x00000000f5580000)
 Metaspace       used 59040K, committed 60224K, reserved 1105920K
  class space    used 5876K, committed 6336K, reserved 1048576K
}
Event: 590.789 GC heap after
{Heap after GC invocations=532 (full 426):
 PSYoungGen      total 47104K, used 28672K [0x00000000f5580000, 0x00000000fba80000, 0x0000000100000000)
  eden space 28672K, 100% used [0x00000000f5580000,0x00000000f7180000,0x00000000f7180000)
  from space 18432K, 0% used [0x00000000f9580000,0x00000000f9580000,0x00000000fa780000)
  to   space 36864K, 0% used [0x00000000f7180000,0x00000000f7180000,0x00000000f9580000)
 ParOldGen       total 349696K, used 349695K [0x00000000e0000000, 0x00000000f5580000, 0x00000000f5580000)
  object space 349696K, 99% used [0x00000000e0000000,0x00000000f557fda8,0x00000000f5580000)
 Metaspace       used 59040K, committed 60224K, reserved 1105920K
  class space    used 5876K, committed 6336K, reserved 1048576K
}
Event: 590.789 GC heap before
{Heap before GC invocations=533 (full 427):
 PSYoungGen      total 47104K, used 28672K [0x00000000f5580000, 0x00000000fba80000, 0x0000000100000000)
  eden space 28672K, 100% used [0x00000000f5580000,0x00000000f7180000,0x00000000f7180000)
  from space 18432K, 0% used [0x00000000f9580000,0x00000000f9580000,0x00000000fa780000)
  to   space 36864K, 0% used [0x00000000f7180000,0x00000000f7180000,0x00000000f9580000)
 ParOldGen       total 349696K, used 349695K [0x00000000e0000000, 0x00000000f5580000, 0x00000000f5580000)
  object space 349696K, 99% used [0x00000000e0000000,0x00000000f557fed8,0x00000000f5580000)
 Metaspace       used 59040K, committed 60224K, reserved 1105920K
  class space    used 5876K, committed 6336K, reserved 1048576K
}
Event: 591.891 GC heap after
{Heap after GC invocations=533 (full 427):
 PSYoungGen      total 65536K, used 28671K [0x00000000f5580000, 0x00000000fba80000, 0x0000000100000000)
  eden space 28672K, 99% used [0x00000000f5580000,0x00000000f717ffe8,0x00000000f7180000)
  from space 36864K, 0% used [0x00000000f7180000,0x00000000f7180000,0x00000000f9580000)
  to   space 18432K, 0% used [0x00000000f9580000,0x00000000f9580000,0x00000000fa780000)
 ParOldGen       total 349696K, used 349695K [0x00000000e0000000, 0x00000000f5580000, 0x00000000f5580000)
  object space 349696K, 99% used [0x00000000e0000000,0x00000000f557fdc0,0x00000000f5580000)
 Metaspace       used 59040K, committed 60224K, reserved 1105920K
  class space    used 5876K, committed 6336K, reserved 1048576K
}
Event: 591.892 GC heap before
{Heap before GC invocations=534 (full 428):
 PSYoungGen      total 65536K, used 28672K [0x00000000f5580000, 0x00000000fba80000, 0x0000000100000000)
  eden space 28672K, 100% used [0x00000000f5580000,0x00000000f7180000,0x00000000f7180000)
  from space 36864K, 0% used [0x00000000f7180000,0x00000000f7180000,0x00000000f9580000)
  to   space 18432K, 0% used [0x00000000f9580000,0x00000000f9580000,0x00000000fa780000)
 ParOldGen       total 349696K, used 349695K [0x00000000e0000000, 0x00000000f5580000, 0x00000000f5580000)
  object space 349696K, 99% used [0x00000000e0000000,0x00000000f557fdc0,0x00000000f5580000)
 Metaspace       used 59040K, committed 60224K, reserved 1105920K
  class space    used 5876K, committed 6336K, reserved 1048576K
}
Event: 592.994 GC heap after
{Heap after GC invocations=534 (full 428):
 PSYoungGen      total 47104K, used 28672K [0x00000000f5580000, 0x00000000fba80000, 0x0000000100000000)
  eden space 28672K, 100% used [0x00000000f5580000,0x00000000f7180000,0x00000000f7180000)
  from space 18432K, 0% used [0x00000000f9580000,0x00000000f9580000,0x00000000fa780000)
  to   space 36864K, 0% used [0x00000000f7180000,0x00000000f7180000,0x00000000f9580000)
 ParOldGen       total 349696K, used 349695K [0x00000000e0000000, 0x00000000f5580000, 0x00000000f5580000)
  object space 349696K, 99% used [0x00000000e0000000,0x00000000f557fdc0,0x00000000f5580000)
 Metaspace       used 59040K, committed 60224K, reserved 1105920K
  class space    used 5876K, committed 6336K, reserved 1048576K
}
Event: 592.994 GC heap before
{Heap before GC invocations=535 (full 429):
 PSYoungGen      total 47104K, used 28672K [0x00000000f5580000, 0x00000000fba80000, 0x0000000100000000)
  eden space 28672K, 100% used [0x00000000f5580000,0x00000000f7180000,0x00000000f7180000)
  from space 18432K, 0% used [0x00000000f9580000,0x00000000f9580000,0x00000000fa780000)
  to   space 36864K, 0% used [0x00000000f7180000,0x00000000f7180000,0x00000000f9580000)
 ParOldGen       total 349696K, used 349696K [0x00000000e0000000, 0x00000000f5580000, 0x00000000f5580000)
  object space 349696K, 100% used [0x00000000e0000000,0x00000000f5580000,0x00000000f5580000)
 Metaspace       used 59040K, committed 60224K, reserved 1105920K
  class space    used 5876K, committed 6336K, reserved 1048576K
}
Event: 594.080 GC heap after
{Heap after GC invocations=535 (full 429):
 PSYoungGen      total 65536K, used 28671K [0x00000000f5580000, 0x00000000fba80000, 0x0000000100000000)
  eden space 28672K, 99% used [0x00000000f5580000,0x00000000f717ffe8,0x00000000f7180000)
  from space 36864K, 0% used [0x00000000f7180000,0x00000000f7180000,0x00000000f9580000)
  to   space 18432K, 0% used [0x00000000f9580000,0x00000000f9580000,0x00000000fa780000)
 ParOldGen       total 349696K, used 349695K [0x00000000e0000000, 0x00000000f5580000, 0x00000000f5580000)
  object space 349696K, 99% used [0x00000000e0000000,0x00000000f557ff70,0x00000000f5580000)
 Metaspace       used 59040K, committed 60224K, reserved 1105920K
  class space    used 5876K, committed 6336K, reserved 1048576K
}
Event: 594.080 GC heap before
{Heap before GC invocations=536 (full 430):
 PSYoungGen      total 65536K, used 28671K [0x00000000f5580000, 0x00000000fba80000, 0x0000000100000000)
  eden space 28672K, 99% used [0x00000000f5580000,0x00000000f717fff8,0x00000000f7180000)
  from space 36864K, 0% used [0x00000000f7180000,0x00000000f7180000,0x00000000f9580000)
  to   space 18432K, 0% used [0x00000000f9580000,0x00000000f9580000,0x00000000fa780000)
 ParOldGen       total 349696K, used 349695K [0x00000000e0000000, 0x00000000f5580000, 0x00000000f5580000)
  object space 349696K, 99% used [0x00000000e0000000,0x00000000f557ff70,0x00000000f5580000)
 Metaspace       used 59040K, committed 60224K, reserved 1105920K
  class space    used 5876K, committed 6336K, reserved 1048576K
}
Event: 595.381 GC heap after
{Heap after GC invocations=536 (full 430):
 PSYoungGen      total 47104K, used 28671K [0x00000000f5580000, 0x00000000fba80000, 0x0000000100000000)
  eden space 28672K, 99% used [0x00000000f5580000,0x00000000f717ffe8,0x00000000f7180000)
  from space 18432K, 0% used [0x00000000f9580000,0x00000000f9580000,0x00000000fa780000)
  to   space 36864K, 0% used [0x00000000f7180000,0x00000000f7180000,0x00000000f9580000)
 ParOldGen       total 349696K, used 349695K [0x00000000e0000000, 0x00000000f5580000, 0x00000000f5580000)
  object space 349696K, 99% used [0x00000000e0000000,0x00000000f557ff70,0x00000000f5580000)
 Metaspace       used 59040K, committed 60224K, reserved 1105920K
  class space    used 5876K, committed 6336K, reserved 1048576K
}
Event: 595.381 GC heap before
{Heap before GC invocations=537 (full 431):
 PSYoungGen      total 47104K, used 28671K [0x00000000f5580000, 0x00000000fba80000, 0x0000000100000000)
  eden space 28672K, 99% used [0x00000000f5580000,0x00000000f717fff8,0x00000000f7180000)
  from space 18432K, 0% used [0x00000000f9580000,0x00000000f9580000,0x00000000fa780000)
  to   space 36864K, 0% used [0x00000000f7180000,0x00000000f7180000,0x00000000f9580000)
 ParOldGen       total 349696K, used 349695K [0x00000000e0000000, 0x00000000f5580000, 0x00000000f5580000)
  object space 349696K, 99% used [0x00000000e0000000,0x00000000f557ff70,0x00000000f5580000)
 Metaspace       used 59040K, committed 60224K, reserved 1105920K
  class space    used 5876K, committed 6336K, reserved 1048576K
}
Event: 596.554 GC heap after
{Heap after GC invocations=537 (full 431):
 PSYoungGen      total 65536K, used 28671K [0x00000000f5580000, 0x00000000fba80000, 0x0000000100000000)
  eden space 28672K, 99% used [0x00000000f5580000,0x00000000f717ffe8,0x00000000f7180000)
  from space 36864K, 0% used [0x00000000f7180000,0x00000000f7180000,0x00000000f9580000)
  to   space 18432K, 0% used [0x00000000f9580000,0x00000000f9580000,0x00000000fa780000)
 ParOldGen       total 349696K, used 349695K [0x00000000e0000000, 0x00000000f5580000, 0x00000000f5580000)
  object space 349696K, 99% used [0x00000000e0000000,0x00000000f557ff70,0x00000000f5580000)
 Metaspace       used 59040K, committed 60224K, reserved 1105920K
  class space    used 5876K, committed 6336K, reserved 1048576K
}
Event: 596.554 GC heap before
{Heap before GC invocations=538 (full 432):
 PSYoungGen      total 65536K, used 28671K [0x00000000f5580000, 0x00000000fba80000, 0x0000000100000000)
  eden space 28672K, 99% used [0x00000000f5580000,0x00000000f717fff8,0x00000000f7180000)
  from space 36864K, 0% used [0x00000000f7180000,0x00000000f7180000,0x00000000f9580000)
  to   space 18432K, 0% used [0x00000000f9580000,0x00000000f9580000,0x00000000fa780000)
 ParOldGen       total 349696K, used 349695K [0x00000000e0000000, 0x00000000f5580000, 0x00000000f5580000)
  object space 349696K, 99% used [0x00000000e0000000,0x00000000f557ff70,0x00000000f5580000)
 Metaspace       used 59040K, committed 60224K, reserved 1105920K
  class space    used 5876K, committed 6336K, reserved 1048576K
}
Event: 597.781 GC heap after
{Heap after GC invocations=538 (full 432):
 PSYoungGen      total 47104K, used 28671K [0x00000000f5580000, 0x00000000fba80000, 0x0000000100000000)
  eden space 28672K, 99% used [0x00000000f5580000,0x00000000f717ffe8,0x00000000f7180000)
  from space 18432K, 0% used [0x00000000f9580000,0x00000000f9580000,0x00000000fa780000)
  to   space 36864K, 0% used [0x00000000f7180000,0x00000000f7180000,0x00000000f9580000)
 ParOldGen       total 349696K, used 349695K [0x00000000e0000000, 0x00000000f5580000, 0x00000000f5580000)
  object space 349696K, 99% used [0x00000000e0000000,0x00000000f557ff70,0x00000000f5580000)
 Metaspace       used 59040K, committed 60224K, reserved 1105920K
  class space    used 5876K, committed 6336K, reserved 1048576K
}
Event: 597.781 GC heap before
{Heap before GC invocations=539 (full 433):
 PSYoungGen      total 47104K, used 28671K [0x00000000f5580000, 0x00000000fba80000, 0x0000000100000000)
  eden space 28672K, 99% used [0x00000000f5580000,0x00000000f717ffe8,0x00000000f7180000)
  from space 18432K, 0% used [0x00000000f9580000,0x00000000f9580000,0x00000000fa780000)
  to   space 36864K, 0% used [0x00000000f7180000,0x00000000f7180000,0x00000000f9580000)
 ParOldGen       total 349696K, used 349695K [0x00000000e0000000, 0x00000000f5580000, 0x00000000f5580000)
  object space 349696K, 99% used [0x00000000e0000000,0x00000000f557ff70,0x00000000f5580000)
 Metaspace       used 59040K, committed 60224K, reserved 1105920K
  class space    used 5876K, committed 6336K, reserved 1048576K
}
Event: 598.858 GC heap after
{Heap after GC invocations=539 (full 433):
 PSYoungGen      total 65536K, used 28671K [0x00000000f5580000, 0x00000000fba80000, 0x0000000100000000)
  eden space 28672K, 99% used [0x00000000f5580000,0x00000000f717ffe8,0x00000000f7180000)
  from space 36864K, 0% used [0x00000000f7180000,0x00000000f7180000,0x00000000f9580000)
  to   space 18432K, 0% used [0x00000000f9580000,0x00000000f9580000,0x00000000fa780000)
 ParOldGen       total 349696K, used 349695K [0x00000000e0000000, 0x00000000f5580000, 0x00000000f5580000)
  object space 349696K, 99% used [0x00000000e0000000,0x00000000f557ff70,0x00000000f5580000)
 Metaspace       used 59040K, committed 60224K, reserved 1105920K
  class space    used 5876K, committed 6336K, reserved 1048576K
}

